

***********************************************************************
Fatal NI connect error 12560, connecting to:
 (DESCRIPTION=(ADDRESS=(PROTOCOL=BEQ)(PROGRAM=oracle)(ARGV0=oracleORCL)(ARGS='(DESCRIPTION=(LOCAL=YES)(ADDRESS=(PROTOCOL=beq)))'))(CONNECT_DATA=(SID=ORCL)(CID=(PROGRAM=E:\BDDesde11\Programas\AppCSBD\bin\Debug\AppCSBD.vshost.exe)(HOST=113DAC23C)(USER=flopezg))))

  VERSION INFORMATION:
	TNS for 32-bit Windows: Version 10.2.0.3.0 - Production
	Oracle Bequeath NT Protocol Adapter for 32-bit Windows: Version 10.2.0.3.0 - Production
  Time: 01-MAR-2016 20:45:32
  Tracing not turned on.
  Tns error struct:
    ns main err code: 12560
    TNS-12560: TNS:error del adaptador de protocolo
    ns secondary err code: 0
    nt main err code: 530
    TNS-00530: Error del adaptador de protocolo
    nt secondary err code: 126
    nt OS err code: 0


***********************************************************************
Fatal NI connect error 12560, connecting to:
 (DESCRIPTION=(ADDRESS=(PROTOCOL=BEQ)(PROGRAM=oracle)(ARGV0=oracleORCL)(ARGS='(DESCRIPTION=(LOCAL=YES)(ADDRESS=(PROTOCOL=beq)))'))(CONNECT_DATA=(SID=ORCL)(CID=(PROGRAM=E:\BDDesde11\Programas\AppCSBD\bin\Debug\AppCSBD.vshost.exe)(HOST=113DAC23C)(USER=flopezg))))

  VERSION INFORMATION:
	TNS for 32-bit Windows: Version 10.2.0.3.0 - Production
	Oracle Bequeath NT Protocol Adapter for 32-bit Windows: Version 10.2.0.3.0 - Production
  Time: 01-MAR-2016 20:46:12
  Tracing not turned on.
  Tns error struct:
    ns main err code: 12560
    TNS-12560: TNS:error del adaptador de protocolo
    ns secondary err code: 0
    nt main err code: 530
    TNS-00530: Error del adaptador de protocolo
    nt secondary err code: 126
    nt OS err code: 0


***********************************************************************
Fatal NI connect error 12560, connecting to:
 (DESCRIPTION=(ADDRESS=(PROTOCOL=BEQ)(PROGRAM=oracle)(ARGV0=oracleORCL)(ARGS='(DESCRIPTION=(LOCAL=YES)(ADDRESS=(PROTOCOL=beq)))'))(CONNECT_DATA=(SID=ORCL)(CID=(PROGRAM=E:\BDDesde11\Programas\AppCSBD\bin\Debug\AppCSBD.vshost.exe)(HOST=113DAC23C)(USER=flopezg))))

  VERSION INFORMATION:
	TNS for 32-bit Windows: Version 10.2.0.3.0 - Production
	Oracle Bequeath NT Protocol Adapter for 32-bit Windows: Version 10.2.0.3.0 - Production
  Time: 01-MAR-2016 20:46:42
  Tracing not turned on.
  Tns error struct:
    ns main err code: 12560
    TNS-12560: TNS:error del adaptador de protocolo
    ns secondary err code: 0
    nt main err code: 530
    TNS-00530: Error del adaptador de protocolo
    nt secondary err code: 126
    nt OS err code: 0


***********************************************************************
Fatal NI connect error 12560, connecting to:
 (DESCRIPTION=(ADDRESS=(PROTOCOL=BEQ)(PROGRAM=oracle)(ARGV0=oracleORCL)(ARGS='(DESCRIPTION=(LOCAL=YES)(ADDRESS=(PROTOCOL=beq)))'))(CONNECT_DATA=(SID=ORCL)(CID=(PROGRAM=E:\BDDesde11\Programas\AppCSBD\bin\Debug\AppCSBD.vshost.exe)(HOST=113DAC23C)(USER=flopezg))))

  VERSION INFORMATION:
	TNS for 32-bit Windows: Version 10.2.0.3.0 - Production
	Oracle Bequeath NT Protocol Adapter for 32-bit Windows: Version 10.2.0.3.0 - Production
  Time: 01-MAR-2016 20:51:57
  Tracing not turned on.
  Tns error struct:
    ns main err code: 12560
    TNS-12560: TNS:error del adaptador de protocolo
    ns secondary err code: 0
    nt main err code: 530
    TNS-00530: Error del adaptador de protocolo
    nt secondary err code: 126
    nt OS err code: 0


***********************************************************************
Fatal NI connect error 12560, connecting to:
 (DESCRIPTION=(ADDRESS=(PROTOCOL=BEQ)(PROGRAM=oracle)(ARGV0=oracleORCL)(ARGS='(DESCRIPTION=(LOCAL=YES)(ADDRESS=(PROTOCOL=beq)))'))(CONNECT_DATA=(SID=ORCL)(CID=(PROGRAM=E:\BDDesde11\Programas\AppCSBD\bin\Debug\AppCSBD.vshost.exe)(HOST=113DAC23C)(USER=flopezg))))

  VERSION INFORMATION:
	TNS for 32-bit Windows: Version 10.2.0.3.0 - Production
	Oracle Bequeath NT Protocol Adapter for 32-bit Windows: Version 10.2.0.3.0 - Production
  Time: 02-MAR-2017 18:16:51
  Tracing not turned on.
  Tns error struct:
    ns main err code: 12560
    TNS-12560: TNS:error del adaptador de protocolo
    ns secondary err code: 0
    nt main err code: 530
    TNS-00530: Error del adaptador de protocolo
    nt secondary err code: 126
    nt OS err code: 0


***********************************************************************
Fatal NI connect error 12560, connecting to:
 (DESCRIPTION=(ADDRESS=(PROTOCOL=BEQ)(PROGRAM=oracle)(ARGV0=oracleORCL)(ARGS='(DESCRIPTION=(LOCAL=YES)(ADDRESS=(PROTOCOL=beq)))'))(CONNECT_DATA=(SID=ORCL)(CID=(PROGRAM=E:\BDDesde11\Programas\AppCSBD\bin\Debug\AppCSBD.vshost.exe)(HOST=113DAC23C)(USER=flopezg))))

  VERSION INFORMATION:
	TNS for 32-bit Windows: Version 10.2.0.3.0 - Production
	Oracle Bequeath NT Protocol Adapter for 32-bit Windows: Version 10.2.0.3.0 - Production
  Time: 02-MAR-2017 18:17:36
  Tracing not turned on.
  Tns error struct:
    ns main err code: 12560
    TNS-12560: TNS:error del adaptador de protocolo
    ns secondary err code: 0
    nt main err code: 530
    TNS-00530: Error del adaptador de protocolo
    nt secondary err code: 126
    nt OS err code: 0


***********************************************************************
Fatal NI connect error 12560, connecting to:
 (DESCRIPTION=(ADDRESS=(PROTOCOL=BEQ)(PROGRAM=oracle)(ARGV0=oracleORCL)(ARGS='(DESCRIPTION=(LOCAL=YES)(ADDRESS=(PROTOCOL=beq)))'))(CONNECT_DATA=(SID=ORCL)(CID=(PROGRAM=E:\BDDesde11\Programas\AppCSBD\bin\Debug\AppCSBD.vshost.exe)(HOST=113DAC23C)(USER=flopezg))))

  VERSION INFORMATION:
	TNS for 32-bit Windows: Version 10.2.0.3.0 - Production
	Oracle Bequeath NT Protocol Adapter for 32-bit Windows: Version 10.2.0.3.0 - Production
  Time: 02-MAR-2017 18:18:13
  Tracing not turned on.
  Tns error struct:
    ns main err code: 12560
    TNS-12560: TNS:error del adaptador de protocolo
    ns secondary err code: 0
    nt main err code: 530
    TNS-00530: Error del adaptador de protocolo
    nt secondary err code: 126
    nt OS err code: 0


***********************************************************************
Fatal NI connect error 12560, connecting to:
 (DESCRIPTION=(ADDRESS=(PROTOCOL=BEQ)(PROGRAM=oracle)(ARGV0=oracleORCL)(ARGS='(DESCRIPTION=(LOCAL=YES)(ADDRESS=(PROTOCOL=beq)))'))(CONNECT_DATA=(SID=ORCL)(CID=(PROGRAM=E:\BDDesde11\Programas\AppCSBD\bin\Debug\AppCSBD.vshost.exe)(HOST=113DAC23C)(USER=flopezg))))

  VERSION INFORMATION:
	TNS for 32-bit Windows: Version 10.2.0.3.0 - Production
	Oracle Bequeath NT Protocol Adapter for 32-bit Windows: Version 10.2.0.3.0 - Production
  Time: 02-MAR-2017 18:52:36
  Tracing not turned on.
  Tns error struct:
    ns main err code: 12560
    TNS-12560: TNS:error del adaptador de protocolo
    ns secondary err code: 0
    nt main err code: 530
    TNS-00530: Error del adaptador de protocolo
    nt secondary err code: 126
    nt OS err code: 0


***********************************************************************
Fatal NI connect error 12560, connecting to:
 (DESCRIPTION=(ADDRESS=(PROTOCOL=BEQ)(PROGRAM=oracle)(ARGV0=oracleORCL)(ARGS='(DESCRIPTION=(LOCAL=YES)(ADDRESS=(PROTOCOL=beq)))'))(CONNECT_DATA=(SID=ORCL)(CID=(PROGRAM=E:\BDDesde11\Programas\AppCSBD\bin\Debug\AppCSBD.vshost.exe)(HOST=113DAC23C)(USER=flopezg))))

  VERSION INFORMATION:
	TNS for 32-bit Windows: Version 10.2.0.3.0 - Production
	Oracle Bequeath NT Protocol Adapter for 32-bit Windows: Version 10.2.0.3.0 - Production
  Time: 02-MAR-2017 20:21:04
  Tracing not turned on.
  Tns error struct:
    ns main err code: 12560
    TNS-12560: TNS:error del adaptador de protocolo
    ns secondary err code: 0
    nt main err code: 530
    TNS-00530: Error del adaptador de protocolo
    nt secondary err code: 126
    nt OS err code: 0


***********************************************************************
Fatal NI connect error 12560, connecting to:
 (DESCRIPTION=(ADDRESS=(PROTOCOL=BEQ)(PROGRAM=oracle)(ARGV0=oracleORCL)(ARGS='(DESCRIPTION=(LOCAL=YES)(ADDRESS=(PROTOCOL=beq)))'))(CONNECT_DATA=(SID=ORCL)(CID=(PROGRAM=E:\BDDesde11\Programas\AppCSBD\bin\Debug\AppCSBD.vshost.exe)(HOST=113DAC23C)(USER=flopezg))))

  VERSION INFORMATION:
	TNS for 32-bit Windows: Version 10.2.0.3.0 - Production
	Oracle Bequeath NT Protocol Adapter for 32-bit Windows: Version 10.2.0.3.0 - Production
  Time: 02-MAR-2017 20:21:04
  Tracing not turned on.
  Tns error struct:
    ns main err code: 12560
    TNS-12560: TNS:error del adaptador de protocolo
    ns secondary err code: 0
    nt main err code: 530
    TNS-00530: Error del adaptador de protocolo
    nt secondary err code: 126
    nt OS err code: 0


***********************************************************************
Fatal NI connect error 12560, connecting to:
 (DESCRIPTION=(ADDRESS=(PROTOCOL=BEQ)(PROGRAM=oracle)(ARGV0=oracleORCL)(ARGS='(DESCRIPTION=(LOCAL=YES)(ADDRESS=(PROTOCOL=beq)))'))(CONNECT_DATA=(SID=ORCL)(CID=(PROGRAM=E:\BDDesde11\Programas\AppCSBD\bin\Debug\AppCSBD.vshost.exe)(HOST=113DAC23C)(USER=flopezg))))

  VERSION INFORMATION:
	TNS for 32-bit Windows: Version 10.2.0.3.0 - Production
	Oracle Bequeath NT Protocol Adapter for 32-bit Windows: Version 10.2.0.3.0 - Production
  Time: 30-MAR-2017 20:51:58
  Tracing not turned on.
  Tns error struct:
    ns main err code: 12560
    TNS-12560: TNS:error del adaptador de protocolo
    ns secondary err code: 0
    nt main err code: 530
    TNS-00530: Error del adaptador de protocolo
    nt secondary err code: 126
    nt OS err code: 0


***********************************************************************
Fatal NI connect error 12560, connecting to:
 (DESCRIPTION=(ADDRESS=(PROTOCOL=BEQ)(PROGRAM=oracle)(ARGV0=oracleORCL)(ARGS='(DESCRIPTION=(LOCAL=YES)(ADDRESS=(PROTOCOL=beq)))'))(CONNECT_DATA=(SID=ORCL)(CID=(PROGRAM=E:\BDDesde11\Programas\AppCSBD\bin\Debug\AppCSBD.vshost.exe)(HOST=113DAC23C)(USER=flopezg))))

  VERSION INFORMATION:
	TNS for 32-bit Windows: Version 10.2.0.3.0 - Production
	Oracle Bequeath NT Protocol Adapter for 32-bit Windows: Version 10.2.0.3.0 - Production
  Time: 30-MAR-2017 20:52:06
  Tracing not turned on.
  Tns error struct:
    ns main err code: 12560
    TNS-12560: TNS:error del adaptador de protocolo
    ns secondary err code: 0
    nt main err code: 530
    TNS-00530: Error del adaptador de protocolo
    nt secondary err code: 126
    nt OS err code: 0


***********************************************************************
Fatal NI connect error 12560, connecting to:
 (DESCRIPTION=(ADDRESS=(PROTOCOL=BEQ)(PROGRAM=oracle)(ARGV0=oracleORCL)(ARGS='(DESCRIPTION=(LOCAL=YES)(ADDRESS=(PROTOCOL=beq)))'))(CONNECT_DATA=(SID=ORCL)(CID=(PROGRAM=E:\BDDesde11\Programas\AppCSBD\bin\Debug\AppCSBD.vshost.exe)(HOST=113DAC23C)(USER=flopezg))))

  VERSION INFORMATION:
	TNS for 32-bit Windows: Version 10.2.0.3.0 - Production
	Oracle Bequeath NT Protocol Adapter for 32-bit Windows: Version 10.2.0.3.0 - Production
  Time: 30-MAR-2017 20:52:17
  Tracing not turned on.
  Tns error struct:
    ns main err code: 12560
    TNS-12560: TNS:error del adaptador de protocolo
    ns secondary err code: 0
    nt main err code: 530
    TNS-00530: Error del adaptador de protocolo
    nt secondary err code: 126
    nt OS err code: 0


***********************************************************************
Fatal NI connect error 12560, connecting to:
 (DESCRIPTION=(ADDRESS=(PROTOCOL=BEQ)(PROGRAM=oracle)(ARGV0=oracleORCL)(ARGS='(DESCRIPTION=(LOCAL=YES)(ADDRESS=(PROTOCOL=beq)))'))(CONNECT_DATA=(SID=ORCL)(CID=(PROGRAM=E:\BDDesde11\Programas\AppCSBD\bin\Debug\AppCSBD.vshost.exe)(HOST=113DAC23C)(USER=flopezg))))

  VERSION INFORMATION:
	TNS for 32-bit Windows: Version 10.2.0.3.0 - Production
	Oracle Bequeath NT Protocol Adapter for 32-bit Windows: Version 10.2.0.3.0 - Production
  Time: 28-SEP-2017 13:14:08
  Tracing not turned on.
  Tns error struct:
    ns main err code: 12560
    TNS-12560: TNS:error del adaptador de protocolo
    ns secondary err code: 0
    nt main err code: 530
    TNS-00530: Error del adaptador de protocolo
    nt secondary err code: 126
    nt OS err code: 0
